<?xml version="1.0" encoding="UTF-8"?>
<testng-results ignored="0" total="1" passed="1" failed="0" skipped="0">
  <reporter-output>
  </reporter-output>
  <suite started-at="2025-02-13T15:31:31 GST" name="Default suite" finished-at="2025-02-13T15:32:23 GST" duration-ms="52307">
    <groups>
    </groups>
    <test started-at="2025-02-13T15:31:31 GST" name="Default test" finished-at="2025-02-13T15:32:23 GST" duration-ms="52307">
      <class name="com.mumzworld.test.MumzworldTest">
        <test-method is-config="true" signature="setUp()[pri:0, instance:com.mumzworld.test.MumzworldTest@4d1c00d0]" started-at="2025-02-13T15:31:31 GST" name="setUp" finished-at="2025-02-13T15:31:35 GST" duration-ms="3463" status="PASS">
          <reporter-output>
          </reporter-output>
        </test-method> <!-- setUp -->
        <test-method signature="testEcommerceFlow()[pri:0, instance:com.mumzworld.test.MumzworldTest@4d1c00d0]" started-at="2025-02-13T15:31:35 GST" name="testEcommerceFlow" finished-at="2025-02-13T15:32:23 GST" duration-ms="48743" status="PASS">
          <reporter-output>
          </reporter-output>
        </test-method> <!-- testEcommerceFlow -->
        <test-method is-config="true" signature="tearDown()[pri:0, instance:com.mumzworld.test.MumzworldTest@4d1c00d0]" started-at="2025-02-13T15:32:23 GST" name="tearDown" finished-at="2025-02-13T15:32:23 GST" duration-ms="2" status="PASS">
          <reporter-output>
          </reporter-output>
        </test-method> <!-- tearDown -->
      </class> <!-- com.mumzworld.test.MumzworldTest -->
    </test> <!-- Default test -->
  </suite> <!-- Default suite -->
</testng-results>
